engine-lib/build/intermediates/manifest_merge_blame_file/debug/manifest-merger-blame-debug-report.txt
1<?xml version="1.0" encoding="utf-8"?>
2<manifest xmlns:android="http://schemas.android.com/apk/res/android"
3    package="com.devicecontrol.engine" >
4
5    <uses-sdk android:minSdkVersion="21" />
6
7    <application>
7-->src/main/AndroidManifest.xml:4:5-22:19
8        <activity
8-->src/main/AndroidManifest.xml:5:9-9:40
9            android:name="com.devicecontrol.engine.ui.model.ModelManagementActivity"
9-->src/main/AndroidManifest.xml:6:13-61
10            android:exported="false"
10-->src/main/AndroidManifest.xml:9:13-37
11            android:screenOrientation="landscape"
11-->src/main/AndroidManifest.xml:7:13-50
12            android:windowSoftInputMode="adjustNothing" />
12-->src/main/AndroidManifest.xml:8:13-56
13        <activity
13-->src/main/AndroidManifest.xml:11:9-15:40
14            android:name="com.devicecontrol.engine.ui.task.TaskCreateActivity"
14-->src/main/AndroidManifest.xml:12:13-55
15            android:exported="false"
15-->src/main/AndroidManifest.xml:15:13-37
16            android:screenOrientation="landscape"
16-->src/main/AndroidManifest.xml:13:13-50
17            android:windowSoftInputMode="adjustNothing" />
17-->src/main/AndroidManifest.xml:14:13-56
18        <activity
18-->src/main/AndroidManifest.xml:17:9-21:40
19            android:name="com.devicecontrol.engine.ui.control.TaskControlActivity"
19-->src/main/AndroidManifest.xml:18:13-59
20            android:exported="false"
20-->src/main/AndroidManifest.xml:21:13-37
21            android:screenOrientation="landscape"
21-->src/main/AndroidManifest.xml:19:13-50
22            android:windowSoftInputMode="adjustNothing" />
22-->src/main/AndroidManifest.xml:20:13-56
23    </application>
24
25</manifest>